{"C:\\Users\\STE\\Documents\\spda-web\\src\\hooks\\Auth\\useAuthForm.js": {"path":"C:\\Users\\STE\\Documents\\spda-web\\src\\hooks\\Auth\\useAuthForm.js","statementMap":{"0":{"start":{"line":6,"column":27},"end":{"line":116,"column":1}},"1":{"start":{"line":7,"column":29},"end":{"line":7,"column":42}},"2":{"start":{"line":8,"column":35},"end":{"line":8,"column":48}},"3":{"start":{"line":9,"column":29},"end":{"line":9,"column":42}},"4":{"start":{"line":10,"column":33},"end":{"line":10,"column":49}},"5":{"start":{"line":11,"column":33},"end":{"line":11,"column":48}},"6":{"start":{"line":14,"column":47},"end":{"line":14,"column":63}},"7":{"start":{"line":15,"column":39},"end":{"line":15,"column":52}},"8":{"start":{"line":17,"column":29},"end":{"line":17,"column":39}},"9":{"start":{"line":18,"column":20},"end":{"line":18,"column":34}},"10":{"start":{"line":20,"column":25},"end":{"line":56,"column":5}},"11":{"start":{"line":21,"column":8},"end":{"line":21,"column":null}},"12":{"start":{"line":23,"column":8},"end":{"line":55,"column":null}},"13":{"start":{"line":24,"column":12},"end":{"line":24,"column":null}},"14":{"start":{"line":25,"column":12},"end":{"line":25,"column":null}},"15":{"start":{"line":26,"column":12},"end":{"line":34,"column":null}},"16":{"start":{"line":27,"column":16},"end":{"line":27,"column":null}},"17":{"start":{"line":28,"column":16},"end":{"line":28,"column":null}},"18":{"start":{"line":30,"column":16},"end":{"line":30,"column":null}},"19":{"start":{"line":31,"column":16},"end":{"line":31,"column":null}},"20":{"start":{"line":32,"column":16},"end":{"line":32,"column":null}},"21":{"start":{"line":33,"column":16},"end":{"line":33,"column":33}},"22":{"start":{"line":36,"column":12},"end":{"line":36,"column":null}},"23":{"start":{"line":37,"column":12},"end":{"line":52,"column":null}},"24":{"start":{"line":38,"column":16},"end":{"line":42,"column":null}},"25":{"start":{"line":39,"column":20},"end":{"line":39,"column":null}},"26":{"start":{"line":41,"column":20},"end":{"line":41,"column":null}},"27":{"start":{"line":45,"column":16},"end":{"line":51,"column":null}},"28":{"start":{"line":46,"column":20},"end":{"line":46,"column":null}},"29":{"start":{"line":47,"column":23},"end":{"line":51,"column":null}},"30":{"start":{"line":48,"column":20},"end":{"line":48,"column":null}},"31":{"start":{"line":50,"column":20},"end":{"line":50,"column":null}},"32":{"start":{"line":54,"column":12},"end":{"line":54,"column":null}},"33":{"start":{"line":58,"column":32},"end":{"line":76,"column":5}},"34":{"start":{"line":59,"column":8},"end":{"line":75,"column":null}},"35":{"start":{"line":60,"column":12},"end":{"line":60,"column":null}},"36":{"start":{"line":61,"column":12},"end":{"line":61,"column":null}},"37":{"start":{"line":62,"column":12},"end":{"line":62,"column":null}},"38":{"start":{"line":63,"column":12},"end":{"line":63,"column":null}},"39":{"start":{"line":64,"column":12},"end":{"line":64,"column":null}},"40":{"start":{"line":66,"column":12},"end":{"line":66,"column":null}},"41":{"start":{"line":67,"column":12},"end":{"line":71,"column":null}},"42":{"start":{"line":68,"column":16},"end":{"line":68,"column":null}},"43":{"start":{"line":70,"column":16},"end":{"line":70,"column":null}},"44":{"start":{"line":72,"column":12},"end":{"line":72,"column":null}},"45":{"start":{"line":74,"column":12},"end":{"line":74,"column":null}},"46":{"start":{"line":78,"column":33},"end":{"line":81,"column":5}},"47":{"start":{"line":79,"column":8},"end":{"line":79,"column":null}},"48":{"start":{"line":80,"column":8},"end":{"line":80,"column":21}},"49":{"start":{"line":83,"column":34},"end":{"line":87,"column":5}},"50":{"start":{"line":84,"column":8},"end":{"line":84,"column":null}},"51":{"start":{"line":85,"column":8},"end":{"line":85,"column":null}},"52":{"start":{"line":86,"column":8},"end":{"line":86,"column":null}},"53":{"start":{"line":89,"column":30},"end":{"line":95,"column":5}},"54":{"start":{"line":90,"column":8},"end":{"line":90,"column":null}},"55":{"start":{"line":91,"column":24},"end":{"line":91,"column":61}},"56":{"start":{"line":92,"column":8},"end":{"line":94,"column":null}},"57":{"start":{"line":93,"column":12},"end":{"line":93,"column":null}},"58":{"start":{"line":97,"column":4},"end":{"line":115,"column":null}}},"fnMap":{"0":{"name":"(anonymous_0)","decl":{"start":{"line":6,"column":27},"end":{"line":6,"column":28}},"loc":{"start":{"line":6,"column":33},"end":{"line":116,"column":1}},"line":6},"1":{"name":"(anonymous_1)","decl":{"start":{"line":20,"column":25},"end":{"line":20,"column":30}},"loc":{"start":{"line":20,"column":38},"end":{"line":56,"column":5}},"line":20},"2":{"name":"(anonymous_2)","decl":{"start":{"line":58,"column":32},"end":{"line":58,"column":37}},"loc":{"start":{"line":58,"column":54},"end":{"line":76,"column":5}},"line":58},"3":{"name":"(anonymous_3)","decl":{"start":{"line":78,"column":33},"end":{"line":78,"column":34}},"loc":{"start":{"line":78,"column":39},"end":{"line":81,"column":5}},"line":78},"4":{"name":"(anonymous_4)","decl":{"start":{"line":83,"column":34},"end":{"line":83,"column":35}},"loc":{"start":{"line":83,"column":40},"end":{"line":87,"column":5}},"line":83},"5":{"name":"(anonymous_5)","decl":{"start":{"line":89,"column":30},"end":{"line":89,"column":35}},"loc":{"start":{"line":89,"column":43},"end":{"line":95,"column":5}},"line":89}},"branchMap":{"0":{"loc":{"start":{"line":26,"column":12},"end":{"line":34,"column":null}},"type":"if","locations":[{"start":{"line":26,"column":12},"end":{"line":34,"column":null}},{"start":{"line":29,"column":19},"end":{"line":34,"column":null}}],"line":26},"1":{"loc":{"start":{"line":37,"column":12},"end":{"line":52,"column":null}},"type":"if","locations":[{"start":{"line":37,"column":12},"end":{"line":52,"column":null}},{"start":{"line":43,"column":19},"end":{"line":52,"column":null}}],"line":37},"2":{"loc":{"start":{"line":38,"column":16},"end":{"line":42,"column":null}},"type":"if","locations":[{"start":{"line":38,"column":16},"end":{"line":42,"column":null}},{"start":{"line":40,"column":23},"end":{"line":42,"column":null}}],"line":38},"3":{"loc":{"start":{"line":45,"column":16},"end":{"line":51,"column":null}},"type":"if","locations":[{"start":{"line":45,"column":16},"end":{"line":51,"column":null}},{"start":{"line":47,"column":23},"end":{"line":51,"column":null}}],"line":45},"4":{"loc":{"start":{"line":47,"column":23},"end":{"line":51,"column":null}},"type":"if","locations":[{"start":{"line":47,"column":23},"end":{"line":51,"column":null}},{"start":{"line":49,"column":23},"end":{"line":51,"column":null}}],"line":47},"5":{"loc":{"start":{"line":67,"column":12},"end":{"line":71,"column":null}},"type":"if","locations":[{"start":{"line":67,"column":12},"end":{"line":71,"column":null}},{"start":{"line":69,"column":19},"end":{"line":71,"column":null}}],"line":67},"6":{"loc":{"start":{"line":92,"column":8},"end":{"line":94,"column":null}},"type":"if","locations":[{"start":{"line":92,"column":8},"end":{"line":94,"column":null}},{"start":{},"end":{}}],"line":92}},"s":{"0":1,"1":54,"2":54,"3":54,"4":54,"5":54,"6":54,"7":54,"8":54,"9":54,"10":54,"11":11,"12":11,"13":11,"14":11,"15":11,"16":7,"17":4,"18":4,"19":1,"20":1,"21":1,"22":6,"23":6,"24":3,"25":1,"26":2,"27":3,"28":1,"29":2,"30":1,"31":1,"32":11,"33":54,"34":4,"35":4,"36":4,"37":4,"38":2,"39":2,"40":2,"41":2,"42":1,"43":1,"44":2,"45":4,"46":54,"47":3,"48":3,"49":54,"50":3,"51":3,"52":3,"53":54,"54":4,"55":4,"56":4,"57":2,"58":54},"f":{"0":54,"1":11,"2":4,"3":3,"4":3,"5":4},"b":{"0":[7,4],"1":[3,3],"2":[1,2],"3":[1,2],"4":[1,1],"5":[1,1],"6":[2,2]},"meta":{"lastBranch":7,"lastFunction":6,"lastStatement":59,"seen":{"s:6:27:116:1":0,"f:6:27:6:28":0,"s:7:29:7:42":1,"s:8:35:8:48":2,"s:9:29:9:42":3,"s:10:33:10:49":4,"s:11:33:11:48":5,"s:14:47:14:63":6,"s:15:39:15:52":7,"s:17:29:17:39":8,"s:18:20:18:34":9,"s:20:25:56:5":10,"f:20:25:20:30":1,"s:21:8:21:Infinity":11,"s:23:8:55:Infinity":12,"s:24:12:24:Infinity":13,"s:25:12:25:Infinity":14,"b:26:12:34:Infinity:29:19:34:Infinity":0,"s:26:12:34:Infinity":15,"s:27:16:27:Infinity":16,"s:28:16:28:Infinity":17,"s:30:16:30:Infinity":18,"s:31:16:31:Infinity":19,"s:32:16:32:Infinity":20,"s:33:16:33:33":21,"s:36:12:36:Infinity":22,"b:37:12:52:Infinity:43:19:52:Infinity":1,"s:37:12:52:Infinity":23,"b:38:16:42:Infinity:40:23:42:Infinity":2,"s:38:16:42:Infinity":24,"s:39:20:39:Infinity":25,"s:41:20:41:Infinity":26,"b:45:16:51:Infinity:47:23:51:Infinity":3,"s:45:16:51:Infinity":27,"s:46:20:46:Infinity":28,"b:47:23:51:Infinity:49:23:51:Infinity":4,"s:47:23:51:Infinity":29,"s:48:20:48:Infinity":30,"s:50:20:50:Infinity":31,"s:54:12:54:Infinity":32,"s:58:32:76:5":33,"f:58:32:58:37":2,"s:59:8:75:Infinity":34,"s:60:12:60:Infinity":35,"s:61:12:61:Infinity":36,"s:62:12:62:Infinity":37,"s:63:12:63:Infinity":38,"s:64:12:64:Infinity":39,"s:66:12:66:Infinity":40,"b:67:12:71:Infinity:69:19:71:Infinity":5,"s:67:12:71:Infinity":41,"s:68:16:68:Infinity":42,"s:70:16:70:Infinity":43,"s:72:12:72:Infinity":44,"s:74:12:74:Infinity":45,"s:78:33:81:5":46,"f:78:33:78:34":3,"s:79:8:79:Infinity":47,"s:80:8:80:21":48,"s:83:34:87:5":49,"f:83:34:83:35":4,"s:84:8:84:Infinity":50,"s:85:8:85:Infinity":51,"s:86:8:86:Infinity":52,"s:89:30:95:5":53,"f:89:30:89:35":5,"s:90:8:90:Infinity":54,"s:91:24:91:61":55,"b:92:8:94:Infinity:undefined:undefined:undefined:undefined":6,"s:92:8:94:Infinity":56,"s:93:12:93:Infinity":57,"s:97:4:115:Infinity":58}}}
,"C:\\Users\\STE\\Documents\\spda-web\\src\\hooks\\Clients\\useClientAutocomplete.js": {"path":"C:\\Users\\STE\\Documents\\spda-web\\src\\hooks\\Clients\\useClientAutocomplete.js","statementMap":{"0":{"start":{"line":5,"column":37},"end":{"line":50,"column":1}},"1":{"start":{"line":6,"column":27},"end":{"line":6,"column":37}},"2":{"start":{"line":7,"column":33},"end":{"line":7,"column":46}},"3":{"start":{"line":8,"column":49},"end":{"line":8,"column":65}},"4":{"start":{"line":10,"column":3},"end":{"line":22,"column":22}},"5":{"start":{"line":11,"column":29},"end":{"line":20,"column":9}},"6":{"start":{"line":12,"column":12},"end":{"line":19,"column":13}},"7":{"start":{"line":13,"column":16},"end":{"line":18,"column":17}},"8":{"start":{"line":14,"column":43},"end":{"line":14,"column":94}},"9":{"start":{"line":15,"column":20},"end":{"line":15,"column":47}},"10":{"start":{"line":17,"column":20},"end":{"line":17,"column":68}},"11":{"start":{"line":21,"column":8},"end":{"line":21,"column":23}},"12":{"start":{"line":24,"column":31},"end":{"line":31,"column":5}},"13":{"start":{"line":25,"column":8},"end":{"line":29,"column":11}},"14":{"start":{"line":30,"column":8},"end":{"line":30,"column":34}},"15":{"start":{"line":33,"column":31},"end":{"line":37,"column":5}},"16":{"start":{"line":34,"column":22},"end":{"line":34,"column":36}},"17":{"start":{"line":35,"column":8},"end":{"line":35,"column":38}},"18":{"start":{"line":36,"column":8},"end":{"line":36,"column":33}},"19":{"start":{"line":39,"column":28},"end":{"line":41,"column":5}},"20":{"start":{"line":40,"column":8},"end":{"line":40,"column":85}},"21":{"start":{"line":43,"column":4},"end":{"line":49,"column":6}}},"fnMap":{"0":{"name":"(anonymous_0)","decl":{"start":{"line":5,"column":37},"end":{"line":5,"column":38}},"loc":{"start":{"line":5,"column":59},"end":{"line":50,"column":1}},"line":5},"1":{"name":"(anonymous_1)","decl":{"start":{"line":10,"column":14},"end":{"line":10,"column":15}},"loc":{"start":{"line":10,"column":20},"end":{"line":22,"column":5}},"line":10},"2":{"name":"(anonymous_2)","decl":{"start":{"line":11,"column":29},"end":{"line":11,"column":34}},"loc":{"start":{"line":11,"column":41},"end":{"line":20,"column":9}},"line":11},"3":{"name":"(anonymous_3)","decl":{"start":{"line":24,"column":31},"end":{"line":24,"column":32}},"loc":{"start":{"line":24,"column":43},"end":{"line":31,"column":5}},"line":24},"4":{"name":"(anonymous_4)","decl":{"start":{"line":33,"column":31},"end":{"line":33,"column":32}},"loc":{"start":{"line":33,"column":38},"end":{"line":37,"column":5}},"line":33},"5":{"name":"(anonymous_5)","decl":{"start":{"line":39,"column":43},"end":{"line":39,"column":49}},"loc":{"start":{"line":40,"column":8},"end":{"line":40,"column":85}},"line":40}},"branchMap":{"0":{"loc":{"start":{"line":12,"column":12},"end":{"line":19,"column":13}},"type":"if","locations":[{"start":{"line":12,"column":12},"end":{"line":19,"column":13}},{"start":{},"end":{}}],"line":12},"1":{"loc":{"start":{"line":27,"column":23},"end":{"line":27,"column":47}},"type":"binary-expr","locations":[{"start":{"line":27,"column":23},"end":{"line":27,"column":41}},{"start":{"line":27,"column":45},"end":{"line":27,"column":47}}],"line":27},"2":{"loc":{"start":{"line":28,"column":21},"end":{"line":28,"column":41}},"type":"binary-expr","locations":[{"start":{"line":28,"column":21},"end":{"line":28,"column":35}},{"start":{"line":28,"column":39},"end":{"line":28,"column":41}}],"line":28},"3":{"loc":{"start":{"line":40,"column":9},"end":{"line":40,"column":26}},"type":"binary-expr","locations":[{"start":{"line":40,"column":9},"end":{"line":40,"column":20}},{"start":{"line":40,"column":24},"end":{"line":40,"column":26}}],"line":40},"4":{"loc":{"start":{"line":40,"column":52},"end":{"line":40,"column":69}},"type":"binary-expr","locations":[{"start":{"line":40,"column":52},"end":{"line":40,"column":63}},{"start":{"line":40,"column":67},"end":{"line":40,"column":69}}],"line":40}},"s":{"0":1,"1":31,"2":31,"3":31,"4":31,"5":13,"6":13,"7":13,"8":13,"9":12,"10":1,"11":13,"12":31,"13":3,"14":3,"15":31,"16":2,"17":2,"18":2,"19":31,"20":28,"21":31},"f":{"0":31,"1":13,"2":13,"3":3,"4":2,"5":28},"b":{"0":[13,0],"1":[3,1],"2":[3,1],"3":[28,2],"4":[28,19]},"meta":{"lastBranch":5,"lastFunction":6,"lastStatement":22,"seen":{"s:5:37:50:1":0,"f:5:37:5:38":0,"s:6:27:6:37":1,"s:7:33:7:46":2,"s:8:49:8:65":3,"s:10:3:22:22":4,"f:10:14:10:15":1,"s:11:29:20:9":5,"f:11:29:11:34":2,"b:12:12:19:13:undefined:undefined:undefined:undefined":0,"s:12:12:19:13":6,"s:13:16:18:17":7,"s:14:43:14:94":8,"s:15:20:15:47":9,"s:17:20:17:68":10,"s:21:8:21:23":11,"s:24:31:31:5":12,"f:24:31:24:32":3,"s:25:8:29:11":13,"b:27:23:27:41:27:45:27:47":1,"b:28:21:28:35:28:39:28:41":2,"s:30:8:30:34":14,"s:33:31:37:5":15,"f:33:31:33:32":4,"s:34:22:34:36":16,"s:35:8:35:38":17,"s:36:8:36:33":18,"s:39:28:41:5":19,"f:39:43:39:49":5,"s:40:8:40:85":20,"b:40:9:40:20:40:24:40:26":3,"b:40:52:40:63:40:67:40:69":4,"s:43:4:49:6":21}}}
,"C:\\Users\\STE\\Documents\\spda-web\\src\\hooks\\Clients\\useClients.js": {"path":"C:\\Users\\STE\\Documents\\spda-web\\src\\hooks\\Clients\\useClients.js","statementMap":{"0":{"start":{"line":6,"column":26},"end":{"line":111,"column":1}},"1":{"start":{"line":7,"column":27},"end":{"line":7,"column":37}},"2":{"start":{"line":8,"column":20},"end":{"line":8,"column":34}},"3":{"start":{"line":11,"column":33},"end":{"line":11,"column":46}},"4":{"start":{"line":12,"column":41},"end":{"line":12,"column":56}},"5":{"start":{"line":13,"column":39},"end":{"line":13,"column":52}},"6":{"start":{"line":16,"column":35},"end":{"line":18,"column":6}},"7":{"start":{"line":19,"column":41},"end":{"line":19,"column":57}},"8":{"start":{"line":22,"column":3},"end":{"line":39,"column":null}},"9":{"start":{"line":23,"column":8},"end":{"line":23,"column":null}},"10":{"start":{"line":23,"column":26},"end":{"line":23,"column":null}},"11":{"start":{"line":25,"column":29},"end":{"line":36,"column":9}},"12":{"start":{"line":26,"column":12},"end":{"line":35,"column":null}},"13":{"start":{"line":27,"column":16},"end":{"line":27,"column":null}},"14":{"start":{"line":28,"column":29},"end":{"line":28,"column":80}},"15":{"start":{"line":29,"column":16},"end":{"line":29,"column":null}},"16":{"start":{"line":31,"column":16},"end":{"line":31,"column":null}},"17":{"start":{"line":32,"column":16},"end":{"line":32,"column":null}},"18":{"start":{"line":34,"column":16},"end":{"line":34,"column":null}},"19":{"start":{"line":38,"column":8},"end":{"line":38,"column":null}},"20":{"start":{"line":42,"column":3},"end":{"line":60,"column":null}},"21":{"start":{"line":43,"column":8},"end":{"line":59,"column":null}},"22":{"start":{"line":44,"column":31},"end":{"line":57,"column":13}},"23":{"start":{"line":45,"column":16},"end":{"line":56,"column":null}},"24":{"start":{"line":46,"column":20},"end":{"line":46,"column":null}},"25":{"start":{"line":47,"column":33},"end":{"line":47,"column":72}},"26":{"start":{"line":48,"column":20},"end":{"line":50,"column":null}},"27":{"start":{"line":49,"column":24},"end":{"line":49,"column":null}},"28":{"start":{"line":52,"column":20},"end":{"line":52,"column":null}},"29":{"start":{"line":53,"column":20},"end":{"line":53,"column":null}},"30":{"start":{"line":55,"column":20},"end":{"line":55,"column":null}},"31":{"start":{"line":58,"column":12},"end":{"line":58,"column":null}},"32":{"start":{"line":62,"column":25},"end":{"line":73,"column":5}},"33":{"start":{"line":63,"column":8},"end":{"line":72,"column":null}},"34":{"start":{"line":64,"column":12},"end":{"line":71,"column":null}},"35":{"start":{"line":65,"column":16},"end":{"line":65,"column":null}},"36":{"start":{"line":66,"column":16},"end":{"line":66,"column":null}},"37":{"start":{"line":66,"column":35},"end":{"line":66,"column":64}},"38":{"start":{"line":66,"column":52},"end":{"line":66,"column":63}},"39":{"start":{"line":67,"column":16},"end":{"line":67,"column":null}},"40":{"start":{"line":69,"column":16},"end":{"line":69,"column":null}},"41":{"start":{"line":70,"column":16},"end":{"line":70,"column":null}},"42":{"start":{"line":75,"column":23},"end":{"line":89,"column":5}},"43":{"start":{"line":76,"column":8},"end":{"line":76,"column":null}},"44":{"start":{"line":76,"column":26},"end":{"line":76,"column":null}},"45":{"start":{"line":78,"column":8},"end":{"line":78,"column":null}},"46":{"start":{"line":79,"column":8},"end":{"line":88,"column":null}},"47":{"start":{"line":80,"column":12},"end":{"line":80,"column":null}},"48":{"start":{"line":81,"column":12},"end":{"line":81,"column":null}},"49":{"start":{"line":82,"column":12},"end":{"line":82,"column":null}},"50":{"start":{"line":84,"column":12},"end":{"line":84,"column":null}},"51":{"start":{"line":85,"column":12},"end":{"line":85,"column":null}},"52":{"start":{"line":87,"column":12},"end":{"line":87,"column":null}},"53":{"start":{"line":91,"column":27},"end":{"line":95,"column":33}},"54":{"start":{"line":92,"column":8},"end":{"line":95,"column":9}},"55":{"start":{"line":93,"column":12},"end":{"line":94,"column":null}},"56":{"start":{"line":97,"column":4},"end":{"line":110,"column":null}}},"fnMap":{"0":{"name":"(anonymous_0)","decl":{"start":{"line":6,"column":26},"end":{"line":6,"column":27}},"loc":{"start":{"line":6,"column":47},"end":{"line":111,"column":1}},"line":6},"1":{"name":"(anonymous_1)","decl":{"start":{"line":22,"column":14},"end":{"line":22,"column":15}},"loc":{"start":{"line":22,"column":20},"end":{"line":39,"column":5}},"line":22},"2":{"name":"(anonymous_2)","decl":{"start":{"line":25,"column":29},"end":{"line":25,"column":34}},"loc":{"start":{"line":25,"column":41},"end":{"line":36,"column":9}},"line":25},"3":{"name":"(anonymous_3)","decl":{"start":{"line":42,"column":14},"end":{"line":42,"column":15}},"loc":{"start":{"line":42,"column":20},"end":{"line":60,"column":5}},"line":42},"4":{"name":"(anonymous_4)","decl":{"start":{"line":44,"column":31},"end":{"line":44,"column":36}},"loc":{"start":{"line":44,"column":43},"end":{"line":57,"column":13}},"line":44},"5":{"name":"(anonymous_5)","decl":{"start":{"line":62,"column":25},"end":{"line":62,"column":30}},"loc":{"start":{"line":62,"column":39},"end":{"line":73,"column":5}},"line":62},"6":{"name":"(anonymous_6)","decl":{"start":{"line":66,"column":27},"end":{"line":66,"column":31}},"loc":{"start":{"line":66,"column":35},"end":{"line":66,"column":64}},"line":66},"7":{"name":"(anonymous_7)","decl":{"start":{"line":66,"column":47},"end":{"line":66,"column":48}},"loc":{"start":{"line":66,"column":52},"end":{"line":66,"column":63}},"line":66},"8":{"name":"(anonymous_8)","decl":{"start":{"line":75,"column":23},"end":{"line":75,"column":28}},"loc":{"start":{"line":75,"column":35},"end":{"line":89,"column":5}},"line":75},"9":{"name":"(anonymous_9)","decl":{"start":{"line":91,"column":36},"end":{"line":91,"column":37}},"loc":{"start":{"line":92,"column":8},"end":{"line":95,"column":9}},"line":92},"10":{"name":"(anonymous_10)","decl":{"start":{"line":92,"column":23},"end":{"line":92,"column":29}},"loc":{"start":{"line":93,"column":12},"end":{"line":94,"column":null}},"line":93}},"branchMap":{"0":{"loc":{"start":{"line":6,"column":27},"end":{"line":6,"column":42}},"type":"default-arg","locations":[{"start":{"line":6,"column":38},"end":{"line":6,"column":42}}],"line":6},"1":{"loc":{"start":{"line":23,"column":8},"end":{"line":23,"column":null}},"type":"if","locations":[{"start":{"line":23,"column":8},"end":{"line":23,"column":null}},{"start":{},"end":{}}],"line":23},"2":{"loc":{"start":{"line":43,"column":8},"end":{"line":59,"column":null}},"type":"if","locations":[{"start":{"line":43,"column":8},"end":{"line":59,"column":null}},{"start":{},"end":{}}],"line":43},"3":{"loc":{"start":{"line":43,"column":12},"end":{"line":43,"column":35}},"type":"binary-expr","locations":[{"start":{"line":43,"column":12},"end":{"line":43,"column":20}},{"start":{"line":43,"column":24},"end":{"line":43,"column":35}}],"line":43},"4":{"loc":{"start":{"line":48,"column":20},"end":{"line":50,"column":null}},"type":"if","locations":[{"start":{"line":48,"column":20},"end":{"line":50,"column":null}},{"start":{},"end":{}}],"line":48},"5":{"loc":{"start":{"line":63,"column":8},"end":{"line":72,"column":null}},"type":"if","locations":[{"start":{"line":63,"column":8},"end":{"line":72,"column":null}},{"start":{},"end":{}}],"line":63},"6":{"loc":{"start":{"line":76,"column":8},"end":{"line":76,"column":null}},"type":"if","locations":[{"start":{"line":76,"column":8},"end":{"line":76,"column":null}},{"start":{},"end":{}}],"line":76},"7":{"loc":{"start":{"line":93,"column":12},"end":{"line":94,"column":null}},"type":"binary-expr","locations":[{"start":{"line":93,"column":12},"end":{"line":93,"column":81}},{"start":{"line":94,"column":12},"end":{"line":94,"column":null}}],"line":93},"8":{"loc":{"start":{"line":93,"column":13},"end":{"line":93,"column":45}},"type":"binary-expr","locations":[{"start":{"line":93,"column":13},"end":{"line":93,"column":39}},{"start":{"line":93,"column":43},"end":{"line":93,"column":45}}],"line":93},"9":{"loc":{"start":{"line":94,"column":13},"end":{"line":94,"column":52}},"type":"binary-expr","locations":[{"start":{"line":94,"column":13},"end":{"line":94,"column":46}},{"start":{"line":94,"column":50},"end":{"line":94,"column":52}}],"line":94}},"s":{"0":1,"1":54,"2":54,"3":54,"4":54,"5":54,"6":54,"7":54,"8":54,"9":19,"10":0,"11":19,"12":19,"13":19,"14":19,"15":17,"16":1,"17":1,"18":18,"19":19,"20":54,"21":19,"22":3,"23":3,"24":3,"25":3,"26":2,"27":2,"28":1,"29":1,"30":3,"31":3,"32":54,"33":3,"34":2,"35":2,"36":1,"37":1,"38":3,"39":1,"40":1,"41":1,"42":54,"43":4,"44":0,"45":4,"46":4,"47":4,"48":3,"49":3,"50":1,"51":1,"52":4,"53":54,"54":40,"55":32,"56":54},"f":{"0":54,"1":19,"2":19,"3":19,"4":3,"5":3,"6":1,"7":3,"8":4,"9":40,"10":32},"b":{"0":[54],"1":[0,19],"2":[3,16],"3":[19,3],"4":[2,0],"5":[2,1],"6":[0,4],"7":[32,7],"8":[32,0],"9":[7,0]},"meta":{"lastBranch":10,"lastFunction":11,"lastStatement":57,"seen":{"s:6:26:111:1":0,"f:6:26:6:27":0,"b:6:38:6:42":0,"s:7:27:7:37":1,"s:8:20:8:34":2,"s:11:33:11:46":3,"s:12:41:12:56":4,"s:13:39:13:52":5,"s:16:35:18:6":6,"s:19:41:19:57":7,"s:22:3:39:Infinity":8,"f:22:14:22:15":1,"b:23:8:23:Infinity:undefined:undefined:undefined:undefined":1,"s:23:8:23:Infinity":9,"s:23:26:23:Infinity":10,"s:25:29:36:9":11,"f:25:29:25:34":2,"s:26:12:35:Infinity":12,"s:27:16:27:Infinity":13,"s:28:29:28:80":14,"s:29:16:29:Infinity":15,"s:31:16:31:Infinity":16,"s:32:16:32:Infinity":17,"s:34:16:34:Infinity":18,"s:38:8:38:Infinity":19,"s:42:3:60:Infinity":20,"f:42:14:42:15":3,"b:43:8:59:Infinity:undefined:undefined:undefined:undefined":2,"s:43:8:59:Infinity":21,"b:43:12:43:20:43:24:43:35":3,"s:44:31:57:13":22,"f:44:31:44:36":4,"s:45:16:56:Infinity":23,"s:46:20:46:Infinity":24,"s:47:33:47:72":25,"b:48:20:50:Infinity:undefined:undefined:undefined:undefined":4,"s:48:20:50:Infinity":26,"s:49:24:49:Infinity":27,"s:52:20:52:Infinity":28,"s:53:20:53:Infinity":29,"s:55:20:55:Infinity":30,"s:58:12:58:Infinity":31,"s:62:25:73:5":32,"f:62:25:62:30":5,"b:63:8:72:Infinity:undefined:undefined:undefined:undefined":5,"s:63:8:72:Infinity":33,"s:64:12:71:Infinity":34,"s:65:16:65:Infinity":35,"s:66:16:66:Infinity":36,"f:66:27:66:31":6,"s:66:35:66:64":37,"f:66:47:66:48":7,"s:66:52:66:63":38,"s:67:16:67:Infinity":39,"s:69:16:69:Infinity":40,"s:70:16:70:Infinity":41,"s:75:23:89:5":42,"f:75:23:75:28":8,"b:76:8:76:Infinity:undefined:undefined:undefined:undefined":6,"s:76:8:76:Infinity":43,"s:76:26:76:Infinity":44,"s:78:8:78:Infinity":45,"s:79:8:88:Infinity":46,"s:80:12:80:Infinity":47,"s:81:12:81:Infinity":48,"s:82:12:82:Infinity":49,"s:84:12:84:Infinity":50,"s:85:12:85:Infinity":51,"s:87:12:87:Infinity":52,"s:91:27:95:33":53,"f:91:36:91:37":9,"s:92:8:95:9":54,"f:92:23:92:29":10,"s:93:12:94:Infinity":55,"b:93:12:93:81:94:12:94:Infinity":7,"b:93:13:93:39:93:43:93:45":8,"b:94:13:94:46:94:50:94:52":9,"s:97:4:110:Infinity":56}}}
}
